Copyright 1986-2022 Xilinx, Inc. All Rights Reserved. Copyright 2022-2023 Advanced Micro Devices, Inc. All Rights Reserved.
---------------------------------------------------------------------------------------------------------------------------------------------
| Tool Version : Vivado v.2023.1 (win64) Build 3865809 Sun May  7 15:05:29 MDT 2023
| Date         : Wed Dec  6 11:00:20 2023
| Host         : DESKTOP-3CA2G8O running 64-bit major release  (build 9200)
| Command      : upgrade_ip
| Device       : xc7z010clg400-1
---------------------------------------------------------------------------------------------------------------------------------------------

Upgrade Log for IP 'OscopeWithZynq_acquireToHDMI_0_0'

1. Summary
----------

SUCCESS in the upgrade of OscopeWithZynq_acquireToHDMI_0_0 (xilinx.com:user:acquireToHDMI:1.0) from (Rev. 12) to (Rev. 13)






Copyright 1986-2022 Xilinx, Inc. All Rights Reserved. Copyright 2022-2023 Advanced Micro Devices, Inc. All Rights Reserved.
---------------------------------------------------------------------------------------------------------------------------------------------
| Tool Version : Vivado v.2023.1 (win64) Build 3865809 Sun May  7 15:05:29 MDT 2023
| Date         : Wed Dec  6 10:01:14 2023
| Host         : DESKTOP-3CA2G8O running 64-bit major release  (build 9200)
| Command      : upgrade_ip
| Device       : xc7z010clg400-1
---------------------------------------------------------------------------------------------------------------------------------------------

Upgrade Log for IP 'OscopeWithZynq_acquireToHDMI_0_0'

1. Summary
----------

SUCCESS in the upgrade of OscopeWithZynq_acquireToHDMI_0_0 (xilinx.com:user:acquireToHDMI:1.0) from (Rev. 11) to (Rev. 12)






Copyright 1986-2022 Xilinx, Inc. All Rights Reserved. Copyright 2022-2023 Advanced Micro Devices, Inc. All Rights Reserved.
---------------------------------------------------------------------------------------------------------------------------------------------
| Tool Version : Vivado v.2023.1 (win64) Build 3865809 Sun May  7 15:05:29 MDT 2023
| Date         : Tue Dec  5 21:21:25 2023
| Host         : DESKTOP-3CA2G8O running 64-bit major release  (build 9200)
| Command      : upgrade_ip
| Device       : xc7z010clg400-1
---------------------------------------------------------------------------------------------------------------------------------------------

Upgrade Log for IP 'OscopeWithZynq_acquireToHDMI_0_0'

1. Summary
----------

SUCCESS in the upgrade of OscopeWithZynq_acquireToHDMI_0_0 (xilinx.com:user:acquireToHDMI:1.0) from (Rev. 10) to (Rev. 11)






Copyright 1986-2022 Xilinx, Inc. All Rights Reserved. Copyright 2022-2023 Advanced Micro Devices, Inc. All Rights Reserved.
---------------------------------------------------------------------------------------------------------------------------------------------
| Tool Version : Vivado v.2023.1 (win64) Build 3865809 Sun May  7 15:05:29 MDT 2023
| Date         : Tue Dec  5 20:20:18 2023
| Host         : DESKTOP-3CA2G8O running 64-bit major release  (build 9200)
| Command      : upgrade_ip
| Device       : xc7z010clg400-1
---------------------------------------------------------------------------------------------------------------------------------------------

Upgrade Log for IP 'OscopeWithZynq_acquireToHDMI_0_0'

1. Summary
----------

SUCCESS in the upgrade of OscopeWithZynq_acquireToHDMI_0_0 (xilinx.com:user:acquireToHDMI:1.0) from (Rev. 9) to (Rev. 10)






Copyright 1986-2022 Xilinx, Inc. All Rights Reserved. Copyright 2022-2023 Advanced Micro Devices, Inc. All Rights Reserved.
---------------------------------------------------------------------------------------------------------------------------------------------
| Tool Version : Vivado v.2023.1 (win64) Build 3865809 Sun May  7 15:05:29 MDT 2023
| Date         : Tue Dec  5 18:15:44 2023
| Host         : DESKTOP-3CA2G8O running 64-bit major release  (build 9200)
| Command      : upgrade_ip
| Device       : xc7z010clg400-1
---------------------------------------------------------------------------------------------------------------------------------------------

Upgrade Log for IP 'OscopeWithZynq_acquireToHDMI_0_0'

1. Summary
----------

SUCCESS in the update of OscopeWithZynq_acquireToHDMI_0_0 (xilinx.com:user:acquireToHDMI:1.0 (Rev. 9)) to current project options.






Copyright 1986-2022 Xilinx, Inc. All Rights Reserved. Copyright 2022-2023 Advanced Micro Devices, Inc. All Rights Reserved.
---------------------------------------------------------------------------------------------------------------------------------------------
| Tool Version : Vivado v.2023.1 (win64) Build 3865809 Sun May  7 15:05:29 MDT 2023
| Date         : Tue Dec  5 18:13:33 2023
| Host         : DESKTOP-3CA2G8O running 64-bit major release  (build 9200)
| Command      : upgrade_ip
| Device       : xc7z010clg400-1
---------------------------------------------------------------------------------------------------------------------------------------------

Upgrade Log for IP 'OscopeWithZynq_acquireToHDMI_0_0'

1. Summary
----------

SUCCESS in the upgrade of OscopeWithZynq_acquireToHDMI_0_0 (xilinx.com:user:acquireToHDMI:1.0) from (Rev. 8) to (Rev. 9)






Copyright 1986-2022 Xilinx, Inc. All Rights Reserved. Copyright 2022-2023 Advanced Micro Devices, Inc. All Rights Reserved.
---------------------------------------------------------------------------------------------------------------------------------------------
| Tool Version : Vivado v.2023.1 (win64) Build 3865809 Sun May  7 15:05:29 MDT 2023
| Date         : Tue Dec  5 12:00:26 2023
| Host         : DESKTOP-3CA2G8O running 64-bit major release  (build 9200)
| Command      : upgrade_ip
| Device       : xc7z010clg400-1
---------------------------------------------------------------------------------------------------------------------------------------------

Upgrade Log for IP 'OscopeWithZynq_acquireToHDMI_0_0'

1. Summary
----------

SUCCESS in the upgrade of OscopeWithZynq_acquireToHDMI_0_0 (xilinx.com:user:acquireToHDMI:1.0) from (Rev. 7) to (Rev. 8)






Copyright 1986-2022 Xilinx, Inc. All Rights Reserved. Copyright 2022-2023 Advanced Micro Devices, Inc. All Rights Reserved.
---------------------------------------------------------------------------------------------------------------------------------------------
| Tool Version : Vivado v.2023.1 (win64) Build 3865809 Sun May  7 15:05:29 MDT 2023
| Date         : Tue Dec  5 11:54:45 2023
| Host         : DESKTOP-3CA2G8O running 64-bit major release  (build 9200)
| Command      : upgrade_ip
| Device       : xc7z010clg400-1
---------------------------------------------------------------------------------------------------------------------------------------------

Upgrade Log for IP 'OscopeWithZynq_acquireToHDMI_0_0'

1. Summary
----------

CAUTION (success, with warnings) in the upgrade of OscopeWithZynq_acquireToHDMI_0_0 (xilinx.com:user:acquireToHDMI:1.0) from (Rev. 6) to (Rev. 7)

After upgrade, an IP may have parameter and port differences compared to the original customization. Please review the parameters within the IP customization GUI to ensure proper functionality. Also, please review the updated IP instantiation template to ensure proper connectivity, and update your design if required.

2. Connection Warnings
----------------------

Detected external port differences while upgrading 'OscopeWithZynq_acquireToHDMI_0_0'. These changes may impact your design.


-Upgrade has added port 'resetn_ext'







Copyright 1986-2022 Xilinx, Inc. All Rights Reserved. Copyright 2022-2023 Advanced Micro Devices, Inc. All Rights Reserved.
---------------------------------------------------------------------------------------------------------------------------------------------
| Tool Version : Vivado v.2023.1 (win64) Build 3865809 Sun May  7 15:05:29 MDT 2023
| Date         : Mon Dec  4 20:10:46 2023
| Host         : DESKTOP-3CA2G8O running 64-bit major release  (build 9200)
| Command      : upgrade_ip
| Device       : xc7z010clg400-1
---------------------------------------------------------------------------------------------------------------------------------------------

Upgrade Log for IP 'OscopeWithZynq_acquireToHDMI_0_0'

1. Summary
----------

CAUTION (success, with warnings) in the upgrade of OscopeWithZynq_acquireToHDMI_0_0 (xilinx.com:user:acquireToHDMI:1.0) from (Rev. 5) to (Rev. 6)

After upgrade, an IP may have parameter and port differences compared to the original customization. Please review the parameters within the IP customization GUI to ensure proper functionality. Also, please review the updated IP instantiation template to ensure proper connectivity, and update your design if required.

2. Connection Warnings
----------------------

Detected external port differences while upgrading 'OscopeWithZynq_acquireToHDMI_0_0'. These changes may impact your design.


-Upgrade has added port 'forcedModeOut_ext'







Copyright 1986-2022 Xilinx, Inc. All Rights Reserved. Copyright 2022-2023 Advanced Micro Devices, Inc. All Rights Reserved.
---------------------------------------------------------------------------------------------------------------------------------------------
| Tool Version : Vivado v.2023.1 (win64) Build 3865809 Sun May  7 15:05:29 MDT 2023
| Date         : Mon Dec  4 09:14:31 2023
| Host         : DESKTOP-3CA2G8O running 64-bit major release  (build 9200)
| Command      : upgrade_ip
| Device       : xc7z010clg400-1
---------------------------------------------------------------------------------------------------------------------------------------------

Upgrade Log for IP 'OscopeWithZynq_acquireToHDMI_0_0'

1. Summary
----------

SUCCESS in the upgrade of OscopeWithZynq_acquireToHDMI_0_0 (xilinx.com:user:acquireToHDMI:1.0) from (Rev. 4) to (Rev. 5)






Copyright 1986-2022 Xilinx, Inc. All Rights Reserved. Copyright 2022-2023 Advanced Micro Devices, Inc. All Rights Reserved.
---------------------------------------------------------------------------------------------------------------------------------------------
| Tool Version : Vivado v.2023.1 (win64) Build 3865809 Sun May  7 15:05:29 MDT 2023
| Date         : Sat Dec  2 17:48:20 2023
| Host         : DESKTOP-3CA2G8O running 64-bit major release  (build 9200)
| Command      : upgrade_ip
| Device       : xc7z010clg400-1
---------------------------------------------------------------------------------------------------------------------------------------------

Upgrade Log for IP 'OscopeWithZynq_acquireToHDMI_0_0'

1. Summary
----------

SUCCESS in the upgrade of OscopeWithZynq_acquireToHDMI_0_0 (xilinx.com:user:acquireToHDMI:1.0) from (Rev. 3) to (Rev. 4)






Copyright 1986-2022 Xilinx, Inc. All Rights Reserved. Copyright 2022-2023 Advanced Micro Devices, Inc. All Rights Reserved.
---------------------------------------------------------------------------------------------------------------------------------------------
| Tool Version : Vivado v.2023.1 (win64) Build 3865809 Sun May  7 15:05:29 MDT 2023
| Date         : Sat Dec  2 17:36:46 2023
| Host         : DESKTOP-3CA2G8O running 64-bit major release  (build 9200)
| Command      : upgrade_ip
| Device       : xc7z010clg400-1
---------------------------------------------------------------------------------------------------------------------------------------------

Upgrade Log for IP 'OscopeWithZynq_acquireToHDMI_0_0'

1. Summary
----------

SUCCESS in the upgrade of OscopeWithZynq_acquireToHDMI_0_0 (xilinx.com:user:acquireToHDMI:1.0) from (Rev. 2) to (Rev. 3)

