
*** Running vivado
    with args -log acquireToHDMI.vds -m64 -product Vivado -mode batch -messageDb vivado.pb -notrace -source acquireToHDMI.tcl


ECHO is off.
ECHO is off.

****** Vivado v2023.1 (64-bit)
  **** SW Build 3865809 on Sun May  7 15:05:29 MDT 2023
  **** IP Build 3864474 on Sun May  7 20:36:21 MDT 2023
  **** SharedData Build 3865790 on Sun May 07 13:33:03 MDT 2023
    ** Copyright 1986-2022 Xilinx, Inc. All Rights Reserved.
    ** Copyright 2022-2023 Advanced Micro Devices, Inc. All Rights Reserved.

source acquireToHDMI.tcl -notrace
create_project: Time (s): cpu = 00:00:05 ; elapsed = 00:00:05 . Memory (MB): peak = 454.094 ; gain = 160.527
INFO: [IP_Flow 19-234] Refreshing IP repositories
INFO: [IP_Flow 19-1700] Loaded user IP repository 'c:/Users/small/ipRepo'.
INFO: [IP_Flow 19-2313] Loaded Vivado IP repository 'C:/Xilinx/Vivado/2023.1/data/ip'.
WARNING: [IP_Flow 19-4995] The host OS only allows 260 characters in a normal path. The IP cache path is more than 80 characters. If you experience issues with IP caching, please consider changing the IP cache to a location with a shorter path. Alternately consider using the OS subst command to map part of the path to a drive letter. 
Current IP cache path is c:/Users/small/Lab04_OscilliscopeDatapathAndControl/Lab04_OscilliscopeDatapathAndControl.cache/ip 
Command: read_checkpoint -auto_incremental -incremental C:/Users/small/Lab04_OscilliscopeDatapathAndControl/Lab04_OscilliscopeDatapathAndControl.srcs/utils_1/imports/synth_1/scopeToHdmi.dcp
INFO: [Vivado 12-5825] Read reference checkpoint from C:/Users/small/Lab04_OscilliscopeDatapathAndControl/Lab04_OscilliscopeDatapathAndControl.srcs/utils_1/imports/synth_1/scopeToHdmi.dcp for incremental synthesis
INFO: [Vivado 12-7989] Please ensure there are no constraint changes
Command: synth_design -top acquireToHDMI -part xc7z010clg400-1
Starting synth_design
Attempting to get a license for feature 'Synthesis' and/or device 'xc7z010'
INFO: [Common 17-349] Got license for feature 'Synthesis' and/or device 'xc7z010'
INFO: [Device 21-403] Loading part xc7z010clg400-1
