INFO: [VRFC 10-163] Analyzing VHDL file "C:/Users/small/Lab04_OscilliscopeDatapathAndControl/scopeToHdmi_package.vhd" into library xil_defaultlib
INFO: [VRFC 10-163] Analyzing VHDL file "C:/Users/small/Lab04_OscilliscopeDatapathAndControl/acquireToHDMI_package.vhd" into library xil_defaultlib
INFO: [VRFC 10-163] Analyzing VHDL file "C:/Users/small/Lab03_DataAcquisition/basicBuildingBlocksVhdl/basicBuildingBlocksVhdl_package.vhd" into library xil_defaultlib
INFO: [VRFC 10-163] Analyzing VHDL file "C:/Users/small/Lab04_OscilliscopeDatapathAndControl/acquireToHDMI.vhd" into library xil_defaultlib
INFO: [VRFC 10-3107] analyzing entity 'acquireToHDMI'
INFO: [VRFC 10-163] Analyzing VHDL file "C:/Users/small/Lab04_OscilliscopeDatapathAndControl/acquireToHDMI_datapath.vhdl" into library xil_defaultlib
INFO: [VRFC 10-3107] analyzing entity 'acquireToHDMI_datapath'
INFO: [VRFC 10-163] Analyzing VHDL file "C:/Users/small/Lab04_OscilliscopeDatapathAndControl/acquireToHDMI_fsm.vhdl" into library xil_defaultlib
INFO: [VRFC 10-3107] analyzing entity 'acquireToHDMI_fsm'
INFO: [VRFC 10-163] Analyzing VHDL file "C:/Users/small/Lab04_OscilliscopeDatapathAndControl/an7606.vhd" into library xil_defaultlib
INFO: [VRFC 10-3107] analyzing entity 'an7606'
INFO: [VRFC 10-163] Analyzing VHDL file "C:/Users/small/Lab04_OscilliscopeDatapathAndControl/Lab04_OscilliscopeDatapathAndControl.srcs/sources_1/new/flagRegister.vhd" into library xil_defaultlib
INFO: [VRFC 10-3107] analyzing entity 'flagRegister'
INFO: [VRFC 10-163] Analyzing VHDL file "C:/Users/small/Lab03_DataAcquisition/basicBuildingBlocksVhdl/genericComparator.vhd" into library xil_defaultlib
INFO: [VRFC 10-3107] analyzing entity 'genericCompare'
INFO: [VRFC 10-163] Analyzing VHDL file "C:/Users/small/Lab03_DataAcquisition/basicBuildingBlocksVhdl/genericCounter.vhd" into library xil_defaultlib
INFO: [VRFC 10-3107] analyzing entity 'genericCounter'
INFO: [VRFC 10-163] Analyzing VHDL file "C:/Users/small/Lab04_OscilliscopeDatapathAndControl/Lab04_OscilliscopeDatapathAndControl.srcs/sources_1/new/genericMux4x1.vhd" into library xil_defaultlib
INFO: [VRFC 10-3107] analyzing entity 'genericMux4x1'
INFO: [VRFC 10-163] Analyzing VHDL file "C:/Users/small/Lab03_DataAcquisition/basicBuildingBlocksVhdl/genericRegister.vhd" into library xil_defaultlib
INFO: [VRFC 10-3107] analyzing entity 'genericRegister'
INFO: [VRFC 10-163] Analyzing VHDL file "C:/Users/small/Lab04_OscilliscopeDatapathAndControl/scopeFace.vhd" into library xil_defaultlib
INFO: [VRFC 10-3107] analyzing entity 'scopeFace'
INFO: [VRFC 10-163] Analyzing VHDL file "C:/Users/small/Lab04_OscilliscopeDatapathAndControl/videoSignalGenerator.vhdl" into library xil_defaultlib
INFO: [VRFC 10-3107] analyzing entity 'videoSignalGenerator'
INFO: [VRFC 10-163] Analyzing VHDL file "C:/Users/small/Lab04_OscilliscopeDatapathAndControl/acquireToHDMI_tb.vhd" into library xil_defaultlib
INFO: [VRFC 10-3107] analyzing entity 'acquireToHDMI_tb'
ERROR: [VRFC 10-3353] formal port 'triggervolt16bitslv' has no actual or default value [C:/Users/small/Lab04_OscilliscopeDatapathAndControl/acquireToHDMI_tb.vhd:45]
ERROR: [VRFC 10-9458] unit 'behavior' is ignored due to previous errors [C:/Users/small/Lab04_OscilliscopeDatapathAndControl/acquireToHDMI_tb.vhd:10]
INFO: [VRFC 10-8704] VHDL file 'C:/Users/small/Lab04_OscilliscopeDatapathAndControl/acquireToHDMI_tb.vhd' is ignored due to errors
