
*** Running vivado
    with args -log OscopeWithZynq_enhancedPWM_1_0.vds -m64 -product Vivado -mode batch -messageDb vivado.pb -notrace -source OscopeWithZynq_enhancedPWM_1_0.tcl


ECHO is off.
ECHO is off.

****** Vivado v2023.1 (64-bit)
  **** SW Build 3865809 on Sun May  7 15:05:29 MDT 2023
  **** IP Build 3864474 on Sun May  7 20:36:21 MDT 2023
  **** SharedData Build 3865790 on Sun May 07 13:33:03 MDT 2023
    ** Copyright 1986-2022 Xilinx, Inc. All Rights Reserved.
    ** Copyright 2022-2023 Advanced Micro Devices, Inc. All Rights Reserved.

source OscopeWithZynq_enhancedPWM_1_0.tcl -notrace
create_project: Time (s): cpu = 00:00:05 ; elapsed = 00:00:06 . Memory (MB): peak = 456.145 ; gain = 160.820
INFO: [IP_Flow 19-234] Refreshing IP repositories
INFO: [IP_Flow 19-1700] Loaded user IP repository 'c:/Users/small/ipRepo'.
INFO: [IP_Flow 19-2313] Loaded Vivado IP repository 'C:/Xilinx/Vivado/2023.1/data/ip'.
INFO: [IP_Flow 19-6924] IPCACHE: Running cache check for IP inst: OscopeWithZynq_enhancedPWM_1_0
INFO: [IP_Flow 19-6922] IPCACHE: Exporting cached entry e2d97625f632bad8 to dir: C:/Users/small/OscopeWithZynq/OscopeWithZynq.runs/OscopeWithZynq_enhancedPWM_1_0_synth_1
INFO: [IP_Flow 19-6928] IPCACHE: copied cached file c:/Users/small/OscopeWithZynq/OscopeWithZynq.cache/ip/2023.1/e/2/e2d97625f632bad8/OscopeWithZynq_enhancedPWM_0_0.dcp to C:/Users/small/OscopeWithZynq/OscopeWithZynq.runs/OscopeWithZynq_enhancedPWM_1_0_synth_1/OscopeWithZynq_enhancedPWM_1_0.dcp.
INFO: [IP_Flow 19-6928] IPCACHE: copied cached file c:/Users/small/OscopeWithZynq/OscopeWithZynq.cache/ip/2023.1/e/2/e2d97625f632bad8/OscopeWithZynq_enhancedPWM_0_0_sim_netlist.v to C:/Users/small/OscopeWithZynq/OscopeWithZynq.runs/OscopeWithZynq_enhancedPWM_1_0_synth_1/OscopeWithZynq_enhancedPWM_1_0_sim_netlist.v.
INFO: [IP_Flow 19-6928] IPCACHE: copied cached file c:/Users/small/OscopeWithZynq/OscopeWithZynq.cache/ip/2023.1/e/2/e2d97625f632bad8/OscopeWithZynq_enhancedPWM_0_0_sim_netlist.vhdl to C:/Users/small/OscopeWithZynq/OscopeWithZynq.runs/OscopeWithZynq_enhancedPWM_1_0_synth_1/OscopeWithZynq_enhancedPWM_1_0_sim_netlist.vhdl.
INFO: [IP_Flow 19-6928] IPCACHE: copied cached file c:/Users/small/OscopeWithZynq/OscopeWithZynq.cache/ip/2023.1/e/2/e2d97625f632bad8/OscopeWithZynq_enhancedPWM_0_0_stub.v to C:/Users/small/OscopeWithZynq/OscopeWithZynq.runs/OscopeWithZynq_enhancedPWM_1_0_synth_1/OscopeWithZynq_enhancedPWM_1_0_stub.v.
INFO: [IP_Flow 19-6928] IPCACHE: copied cached file c:/Users/small/OscopeWithZynq/OscopeWithZynq.cache/ip/2023.1/e/2/e2d97625f632bad8/OscopeWithZynq_enhancedPWM_0_0_stub.vhdl to C:/Users/small/OscopeWithZynq/OscopeWithZynq.runs/OscopeWithZynq_enhancedPWM_1_0_synth_1/OscopeWithZynq_enhancedPWM_1_0_stub.vhdl.
INFO: [IP_Flow 19-4838] Using cached IP synthesis design for IP OscopeWithZynq_enhancedPWM_1_0, cache-ID = e2d97625f632bad8.
INFO: [Common 17-206] Exiting Vivado at Sat Dec  2 17:08:53 2023...
